{"total": {"lines":{"total":304,"covered":302,"skipped":0,"pct":99.34},"statements":{"total":304,"covered":302,"skipped":0,"pct":99.34},"functions":{"total":5,"covered":5,"skipped":0,"pct":100},"branches":{"total":45,"covered":44,"skipped":0,"pct":97.77},"branchesTrue":{"total":0,"covered":0,"skipped":0,"pct":100}}
,"C:\\Users\\constantinos\\Documents\\code\\DSF\\ce-accessibility-audit-core\\core\\adapters\\axeToRawFindings.mjs": {"lines":{"total":42,"covered":42,"skipped":0,"pct":100},"functions":{"total":1,"covered":1,"skipped":0,"pct":100},"statements":{"total":42,"covered":42,"skipped":0,"pct":100},"branches":{"total":6,"covered":6,"skipped":0,"pct":100}}
,"C:\\Users\\constantinos\\Documents\\code\\DSF\\ce-accessibility-audit-core\\core\\normalisation\\assignSeverity.mjs": {"lines":{"total":24,"covered":24,"skipped":0,"pct":100},"functions":{"total":1,"covered":1,"skipped":0,"pct":100},"statements":{"total":24,"covered":24,"skipped":0,"pct":100},"branches":{"total":7,"covered":7,"skipped":0,"pct":100}}
,"C:\\Users\\constantinos\\Documents\\code\\DSF\\ce-accessibility-audit-core\\core\\normalisation\\classifyFinding.mjs": {"lines":{"total":27,"covered":27,"skipped":0,"pct":100},"functions":{"total":1,"covered":1,"skipped":0,"pct":100},"statements":{"total":27,"covered":27,"skipped":0,"pct":100},"branches":{"total":5,"covered":5,"skipped":0,"pct":100}}
,"C:\\Users\\constantinos\\Documents\\code\\DSF\\ce-accessibility-audit-core\\core\\normalisation\\normaliseFindings.mjs": {"lines":{"total":141,"covered":141,"skipped":0,"pct":100},"functions":{"total":1,"covered":1,"skipped":0,"pct":100},"statements":{"total":141,"covered":141,"skipped":0,"pct":100},"branches":{"total":10,"covered":10,"skipped":0,"pct":100}}
,"C:\\Users\\constantinos\\Documents\\code\\DSF\\ce-accessibility-audit-core\\core\\normalisation\\resolveWcagCriterion.mjs": {"lines":{"total":70,"covered":68,"skipped":0,"pct":97.14},"functions":{"total":1,"covered":1,"skipped":0,"pct":100},"statements":{"total":70,"covered":68,"skipped":0,"pct":97.14},"branches":{"total":17,"covered":16,"skipped":0,"pct":94.11}}
}
